root - INFO - 2024-03-13 - 22:12:26 Scraping https://www.imdb.com/user/ur178218918/watchlist?sort=list_order,asc&st_dt=&mode=detail&page=1
root - INFO - 2024-03-13 - 22:12:29 Scraping 1
root - INFO - 2024-03-13 - 22:13:54 Scraping https://www.imdb.com/user/ur178218918/watchlist?sort=list_order,asc&st_dt=&mode=detail&page=1
root - INFO - 2024-03-13 - 22:13:54 Scraping 1
root - INFO - 2024-03-13 - 22:15:31 Scraping https://www.imdb.com/list/ls528069836?sort=list_order,asc&st_dt=&mode=detail&page=1
root - INFO - 2024-03-13 - 22:15:34 Scraping 1
root - INFO - 2024-03-13 - 22:15:35 imdb_list_ls528069836.csv saved to data/output
root - INFO - 2024-03-13 - 22:15:35 Scraping complete: https://www.imdb.com/list/ls528069836
root - INFO - 2024-03-13 - 22:40:38 Scraping https://www.imdb.com/user/ur178218918/watchlist
root - INFO - 2024-03-13 - 22:41:46 Scraping https://www.imdb.com/user/ur178218918/watchlist
root - INFO - 2024-03-13 - 22:42:14 Scraping https://www.imdb.com/user/ur178218918/watchlist
root - INFO - 2024-03-13 - 22:47:03 Scraping https://www.imdb.com/user/ur178218918/watchlist
root - INFO - 2024-03-13 - 22:50:45 Scraping https://www.imdb.com/user/ur178218918/watchlist
root - INFO - 2024-03-13 - 22:51:37 Scraping https://www.imdb.com/user/ur178218918/watchlist
root - INFO - 2024-03-13 - 22:52:43 Scraping https://www.imdb.com/user/ur178218918/watchlist
root - INFO - 2024-03-13 - 22:53:56 Scraping https://www.imdb.com/user/ur178218918/watchlist
root - INFO - 2024-03-13 - 22:57:46 Scraping https://www.imdb.com/list/ls528069836
root - INFO - 2024-03-13 - 22:59:28 Scraping https://www.imdb.com/list/ls528069836
root - INFO - 2024-03-13 - 23:02:07 Scraping https://www.imdb.com/user/ur178218918/watchlist
root - INFO - 2024-03-13 - 23:02:23 Scraping https://www.imdb.com/list/ls528069836
root - INFO - 2024-03-13 - 23:02:27 Scraping 1
root - INFO - 2024-03-13 - 23:04:56 Scraping https://www.imdb.com/list/ls528069836
root - INFO - 2024-03-13 - 23:05:00 Scraping 1
root - INFO - 2024-03-13 - 23:05:01 imdb_list_ls528069836.csv saved to data/output
root - INFO - 2024-03-13 - 23:05:01 Scraping complete: https://www.imdb.com/list/ls528069836
root - INFO - 2024-03-13 - 23:05:55 Scraping https://www.imdb.com/user/ur178218918/watchlist
root - INFO - 2024-03-13 - 23:07:49 Scraping https://www.imdb.com/user/ur178218918/watchlist
root - INFO - 2024-03-13 - 23:08:24 Scraping https://www.imdb.com/user/ur178218918/watchlist
root - INFO - 2024-03-13 - 23:08:40 Scraping https://www.imdb.com/user/ur178218918/watchlist
root - INFO - 2024-03-13 - 23:08:50 Scraping https://www.imdb.com/user/ur178218918/watchlist
root - INFO - 2024-03-13 - 23:10:55 Scraping https://www.imdb.com/user/ur178218918/watchlist
root - INFO - 2024-03-13 - 23:11:47 Scraping https://www.imdb.com/user/ur178218918/watchlist
root - INFO - 2024-03-13 - 23:12:13 Scraping https://www.imdb.com/user/ur178218918/watchlist
root - INFO - 2024-03-13 - 23:17:27 Scraping https://www.imdb.com/list/ls528069836
root - INFO - 2024-03-13 - 23:17:32 Scraping 1
root - INFO - 2024-03-13 - 23:17:33 imdb_list_ls528069836.csv saved to data/output
root - INFO - 2024-03-13 - 23:17:33 Scraping complete: https://www.imdb.com/list/ls528069836
root - INFO - 2024-03-13 - 23:17:55 Scraping https://www.imdb.com/user/ur178218918/watchlist
root - INFO - 2024-03-13 - 23:18:44 Scraping https://www.imdb.com/user/ur178218918/watchlist
root - INFO - 2024-03-13 - 23:20:28 Scraping https://www.imdb.com/user/ur178218918/watchlist
root - INFO - 2024-03-13 - 23:21:56 Scraping https://www.imdb.com/user/ur178218918/watchlist
root - INFO - 2024-03-13 - 23:22:24 Scraping https://www.imdb.com/user/ur178218918/watchlist
root - ERROR - Provided URL https://www.imdb.com/user/ur178218918/watchlist?ref_=nv_usr_wl_all_0 is an IMDb user 'Watchlist'. This type of list is not currently acquirable for this app.
root - ERROR - Provided URL https://www.imdb.com/user/ur178218918/watchlist?ref_=nv_usr_wl_all_0 is an IMDb user 'Watchlist'. This type of list is not currently acquirable for this app.
root - INFO - 2024-03-14 - 07:33:24 Acquiring https://www.imdb.com/list/ls528069836
root - INFO - 2024-03-14 - 07:33:28 Acquiring 1
root - INFO - 2024-03-14 - 07:33:29 imdb_list_ls528069836.csv saved to data/output
root - INFO - 2024-03-14 - 07:33:29 Acquisition complete: https://www.imdb.com/list/ls528069836
root - INFO - 2024-03-14 - 07:35:33 Acquiring https://www.imdb.com/list/ls528069836
root - INFO - 2024-03-14 - 07:35:37 Acquiring 1
root - INFO - 2024-03-14 - 07:35:37 imdb_list_ls528069836.csv saved to data/output
root - INFO - 2024-03-14 - 07:35:37 Acquisition complete: https://www.imdb.com/list/ls528069836
root - INFO - 2024-03-14 - 17:20:21 Acquiring https://www.imdb.com/list/ls524226422
root - INFO - 2024-03-14 - 17:20:25 Acquiring 1
root - INFO - 2024-03-14 - 17:20:26 imdb_list_ls524226422.csv saved to data/output
root - INFO - 2024-03-14 - 17:20:26 Acquisition complete: https://www.imdb.com/list/ls524226422
root - INFO - 2024-03-14 - 18:16:08 Acquiring https://www.imdb.com/list/ls528069836
root - INFO - 2024-03-14 - 18:16:13 Acquiring 1
root - INFO - 2024-03-14 - 18:16:14 imdb_list_ls528069836.csv saved to data/output
root - INFO - 2024-03-14 - 18:16:14 Acquisition complete: https://www.imdb.com/list/ls528069836
root - INFO - 2024-03-14 - 18:20:59 Acquiring https://www.imdb.com/list/ls528069836
root - INFO - 2024-03-14 - 18:21:04 Acquiring 1
root - INFO - 2024-03-14 - 18:21:05 imdb_list_ls528069836.csv saved to data/output
root - INFO - 2024-03-14 - 18:21:05 Acquisition complete: https://www.imdb.com/list/ls528069836
root - INFO - 2024-03-14 - 18:22:12 Acquiring https://www.imdb.com/list/ls528069836
root - INFO - 2024-03-14 - 18:22:16 Acquiring 1
root - INFO - 2024-03-14 - 18:22:17 imdb_list_ls528069836.csv saved to data/output
root - INFO - 2024-03-14 - 18:22:17 Acquisition complete: https://www.imdb.com/list/ls528069836
root - INFO - 2024-03-14 - 18:29:19 Acquiring https://www.imdb.com/list/ls528069836
root - INFO - 2024-03-14 - 18:29:23 Acquiring 1
root - INFO - Sleeping 15 seconds.

root - INFO - 2024-03-14 - 18:29:39 Acquiring https://www.imdb.com/list/ls528069836?sort=list_order,asc&st_dt=&mode=detail&page=2
root - INFO - 2024-03-14 - 18:29:43 Acquiring 2
root - INFO - Sleeping 15 seconds.

root - INFO - 2024-03-14 - 18:29:59 Acquiring https://www.imdb.com/list/ls528069836?sort=list_order,asc&st_dt=&mode=detail&page=3
root - INFO - 2024-03-14 - 18:30:03 Acquiring 3
root - INFO - Sleeping 15 seconds.

root - INFO - 2024-03-14 - 18:30:19 Acquiring https://www.imdb.com/list/ls528069836?sort=list_order,asc&st_dt=&mode=detail&page=4
root - INFO - 2024-03-14 - 18:30:24 Acquiring 4
root - INFO - Sleeping 15 seconds.

root - INFO - 2024-03-14 - 18:30:39 Acquiring https://www.imdb.com/list/ls528069836?sort=list_order,asc&st_dt=&mode=detail&page=5
root - INFO - 2024-03-14 - 18:30:44 Acquiring 5
root - INFO - Sleeping 15 seconds.

root - INFO - 2024-03-14 - 18:31:00 Acquiring https://www.imdb.com/list/ls528069836?sort=list_order,asc&st_dt=&mode=detail&page=6
root - INFO - 2024-03-14 - 18:31:04 Acquiring 6
root - INFO - Sleeping 15 seconds.

root - INFO - 2024-03-14 - 18:31:20 Acquiring https://www.imdb.com/list/ls528069836?sort=list_order,asc&st_dt=&mode=detail&page=7
root - INFO - 2024-03-14 - 18:31:25 Acquiring 7
root - INFO - Sleeping 15 seconds.

root - INFO - 2024-03-14 - 18:31:41 Acquiring https://www.imdb.com/list/ls528069836?sort=list_order,asc&st_dt=&mode=detail&page=8
root - INFO - 2024-03-14 - 18:31:46 Acquiring 8
root - INFO - Sleeping 15 seconds.

root - INFO - 2024-03-14 - 18:32:02 Acquiring https://www.imdb.com/list/ls528069836?sort=list_order,asc&st_dt=&mode=detail&page=9
root - INFO - 2024-03-14 - 18:32:07 Acquiring 9
root - INFO - Sleeping 15 seconds.

root - INFO - 2024-03-14 - 18:32:22 Acquiring https://www.imdb.com/list/ls528069836?sort=list_order,asc&st_dt=&mode=detail&page=10
root - INFO - 2024-03-14 - 18:32:27 Acquiring 10
root - INFO - Sleeping 15 seconds.

root - INFO - 2024-03-14 - 18:32:42 Acquiring https://www.imdb.com/list/ls528069836?sort=list_order,asc&st_dt=&mode=detail&page=11
root - INFO - 2024-03-14 - 18:32:47 Acquiring 11
root - INFO - 2024-03-14 - 18:32:49 imdb_list_ls528069836.csv saved to data/output
root - INFO - 2024-03-14 - 18:32:49 Acquisition complete: https://www.imdb.com/list/ls528069836
root - INFO - 2024-03-14 - 18:37:38 Acquiring https://www.imdb.com/list/ls528069836
root - INFO - 2024-03-14 - 18:37:42 Acquiring 1
root - INFO - Sleeping 15 seconds.

root - INFO - 2024-03-14 - 18:37:58 Acquiring https://www.imdb.com/list/ls528069836?sort=list_order,asc&st_dt=&mode=detail&page=2
root - INFO - 2024-03-14 - 18:38:02 Acquiring 2
root - INFO - Sleeping 15 seconds.

root - INFO - 2024-03-14 - 18:38:18 Acquiring https://www.imdb.com/list/ls528069836?sort=list_order,asc&st_dt=&mode=detail&page=3
root - INFO - 2024-03-14 - 18:38:22 Acquiring 3
root - INFO - Sleeping 15 seconds.

root - INFO - 2024-03-14 - 18:38:38 Acquiring https://www.imdb.com/list/ls528069836?sort=list_order,asc&st_dt=&mode=detail&page=4
root - INFO - 2024-03-14 - 18:38:42 Acquiring 4
root - INFO - Sleeping 15 seconds.

root - INFO - 2024-03-14 - 18:38:58 Acquiring https://www.imdb.com/list/ls528069836?sort=list_order,asc&st_dt=&mode=detail&page=5
root - INFO - 2024-03-14 - 18:39:03 Acquiring 5
root - INFO - Sleeping 15 seconds.

root - INFO - 2024-03-14 - 18:39:19 Acquiring https://www.imdb.com/list/ls528069836?sort=list_order,asc&st_dt=&mode=detail&page=6
root - INFO - 2024-03-14 - 18:39:23 Acquiring 6
root - INFO - Sleeping 15 seconds.

root - INFO - 2024-03-14 - 18:39:39 Acquiring https://www.imdb.com/list/ls528069836?sort=list_order,asc&st_dt=&mode=detail&page=7
root - INFO - 2024-03-14 - 18:39:46 Acquiring 7
root - INFO - Sleeping 15 seconds.

root - INFO - 2024-03-14 - 18:40:01 Acquiring https://www.imdb.com/list/ls528069836?sort=list_order,asc&st_dt=&mode=detail&page=8
root - INFO - 2024-03-14 - 18:40:07 Acquiring 8
root - INFO - Sleeping 15 seconds.

root - INFO - 2024-03-14 - 18:40:23 Acquiring https://www.imdb.com/list/ls528069836?sort=list_order,asc&st_dt=&mode=detail&page=9
root - INFO - 2024-03-14 - 18:40:28 Acquiring 9
root - INFO - Sleeping 15 seconds.

root - INFO - 2024-03-14 - 18:40:43 Acquiring https://www.imdb.com/list/ls528069836?sort=list_order,asc&st_dt=&mode=detail&page=10
root - INFO - 2024-03-14 - 18:40:48 Acquiring 10
root - INFO - Sleeping 15 seconds.

root - INFO - 2024-03-14 - 18:41:04 Acquiring https://www.imdb.com/list/ls528069836?sort=list_order,asc&st_dt=&mode=detail&page=11
root - INFO - 2024-03-14 - 18:41:08 Acquiring 11
root - INFO - 2024-03-14 - 18:41:10 imdb_list_ls528069836.csv saved to data/output
root - INFO - 2024-03-14 - 18:41:10 Acquisition complete: https://www.imdb.com/list/ls528069836
root - INFO - 2024-03-14 - 18:42:56 Acquiring https://www.imdb.com/list/ls528069836
root - INFO - 2024-03-14 - 18:43:00 Acquiring 1
root - INFO - Sleeping 15 seconds.

root - INFO - 2024-03-14 - 18:43:16 Acquiring https://www.imdb.com/list/ls528069836?sort=list_order,asc&st_dt=&mode=detail&page=2
root - INFO - 2024-03-14 - 18:43:20 Acquiring 2
root - INFO - Sleeping 15 seconds.

root - INFO - 2024-03-14 - 18:43:36 Acquiring https://www.imdb.com/list/ls528069836?sort=list_order,asc&st_dt=&mode=detail&page=3
root - INFO - 2024-03-14 - 18:43:40 Acquiring 3
root - INFO - Sleeping 15 seconds.

root - INFO - 2024-03-14 - 18:43:56 Acquiring https://www.imdb.com/list/ls528069836?sort=list_order,asc&st_dt=&mode=detail&page=4
root - INFO - 2024-03-14 - 18:44:00 Acquiring 4
root - INFO - Sleeping 15 seconds.

root - INFO - 2024-03-14 - 18:44:16 Acquiring https://www.imdb.com/list/ls528069836?sort=list_order,asc&st_dt=&mode=detail&page=5
root - INFO - 2024-03-14 - 18:44:22 Acquiring 5
root - INFO - Sleeping 15 seconds.

root - INFO - 2024-03-14 - 18:44:38 Acquiring https://www.imdb.com/list/ls528069836?sort=list_order,asc&st_dt=&mode=detail&page=6
root - INFO - 2024-03-14 - 18:44:44 Acquiring 6
root - INFO - Sleeping 15 seconds.

root - INFO - 2024-03-14 - 18:45:00 Acquiring https://www.imdb.com/list/ls528069836?sort=list_order,asc&st_dt=&mode=detail&page=7
root - INFO - 2024-03-14 - 18:45:05 Acquiring 7
root - INFO - Sleeping 15 seconds.

root - INFO - 2024-03-14 - 18:45:20 Acquiring https://www.imdb.com/list/ls528069836?sort=list_order,asc&st_dt=&mode=detail&page=8
root - INFO - 2024-03-14 - 18:45:25 Acquiring 8
root - INFO - Sleeping 15 seconds.

root - INFO - 2024-03-14 - 18:45:41 Acquiring https://www.imdb.com/list/ls528069836?sort=list_order,asc&st_dt=&mode=detail&page=9
root - INFO - 2024-03-14 - 18:45:46 Acquiring 9
root - INFO - Sleeping 15 seconds.

root - INFO - 2024-03-14 - 18:46:01 Acquiring https://www.imdb.com/list/ls528069836?sort=list_order,asc&st_dt=&mode=detail&page=10
root - INFO - 2024-03-14 - 18:46:06 Acquiring 10
root - INFO - Sleeping 15 seconds.

root - INFO - 2024-03-14 - 18:46:22 Acquiring https://www.imdb.com/list/ls528069836?sort=list_order,asc&st_dt=&mode=detail&page=11
root - INFO - 2024-03-14 - 18:46:27 Acquiring 11
root - INFO - Sleeping 15 seconds.

root - INFO - 2024-03-14 - 18:46:43 Acquiring https://www.imdb.com/list/ls528069836?sort=list_order,asc&st_dt=&mode=detail&page=12
root - INFO - 2024-03-14 - 18:46:47 Acquiring 12
root - INFO - 2024-03-14 - 18:46:50 imdb_list_ls528069836.csv saved to data/output
root - INFO - 2024-03-14 - 18:46:50 Acquisition complete: https://www.imdb.com/list/ls528069836
